<?xml version="1.0" encoding="UTF-8"?>
<!-- Generated by org.testng.reporters.JUnitReportReporter -->
<testsuite hostname="DESKTOP-OABEA7M" failures="0" tests="1" name="cucumberOptions.TestNGTestRunner" time="5.303" errors="0" timestamp="2022-10-13T09:57:22 IST" skipped="0">
  <testcase classname="cucumberOptions.TestNGTestRunner" name="runScenario" time="5.303"/>
  <system-out/>
</testsuite> <!-- cucumberOptions.TestNGTestRunner -->
